2025-11-27T20:35:28.4355565+05:00 URL:https://www.google.com/ Length:268822
2025-11-27T20:36:06.9462686+05:00 URL:https://www.internetarchive.org/ Length:2744
2025-11-27T20:36:27.9872634+05:00 URL:https://www.internetarchive.org/ Length:2744
2025-11-27T20:37:03.1737013+05:00 URL:https://www.google.com/ Length:268822
2025-11-27T20:37:19.9755105+05:00 URL:https://www.google.com/search?hl=en-PK&source=hp&biw=&bih=&q=internet+archive&iflsig=AOw8s4IAAAAAaSh-DbnLkUu5iLiF31Jk6VUE4KTjaGRM&gbv=2&oq=internet+archive&gs_l=heirloom-hp.3..0i512i433i131j0i512j0i512i433i131j0i512l2j0i512i433i131j0i512j0i512i433i131i650j0i512i433i131j0i512.8192.14010.0.14876.16.15.0.0.0.0.0.0..1.0....0...1.1.34.heirloom-hp..16.0.0.ZnQxUbn5u3c Length:86599
2025-11-27T20:37:29.8478107+05:00 URL:https://www.google.com/ Length:268822
2025-11-27T20:37:35.0565508+05:00 URL:https://www.google.com/ Length:268822
2025-11-27T20:37:45.1541124+05:00 URL:https://www.google.com/ Length:268822
2025-11-27T20:37:45.1700521+05:00 URL:https://www.google.com/ Length:268822
2025-11-27T20:38:54.1527982+05:00 URL:https://getintopc.com/ Length:41824
2025-11-27T20:39:28.2709449+05:00 URL:https://getintopc.com/softwares/operating-systems/ Length:42403
2025-11-27T20:39:30.3128665+05:00 URL:https://getintopc.com/softwares/operating-systems/ Length:42403
2025-11-27T20:39:32.7882690+05:00 URL:https://getintopc.com/ Length:41824
2025-11-27T20:39:32.7892654+05:00 URL:https://getintopc.com/ Length:41824
2025-11-27T20:39:38.0005564+05:00 URL:https://getintopc.com/reviews/top-5-ways-to-use-veo-3-ai-video-generator-with-filmora-for-pro-level-editing/ Length:51789
2025-11-27T20:39:46.4759154+05:00 URL:https://getintopc.com/ Length:41824
2025-11-27T20:39:46.5345995+05:00 URL:https://getintopc.com/ Length:41824
2025-11-27T20:39:47.5432396+05:00 URL:https://getintopc.com/softwares/operating-systems/ Length:42403
2025-11-27T20:39:47.5442361+05:00 URL:https://getintopc.com/softwares/operating-systems/ Length:42403
2025-11-27T20:39:48.6194233+05:00 URL:https://getintopc.com/ Length:41824
2025-11-27T20:39:48.6214287+05:00 URL:https://getintopc.com/ Length:41824
2025-11-27T20:39:50.5470851+05:00 URL:https://getintopc.com/softwares/operating-systems/ Length:42403
2025-11-27T20:39:50.5480820+05:00 URL:https://getintopc.com/softwares/operating-systems/ Length:42403
2025-11-27T20:39:51.2933060+05:00 URL:https://getintopc.com/ Length:41824
2025-11-27T20:39:51.3783635+05:00 URL:https://getintopc.com/ Length:41824
2025-11-27T20:39:52.3616089+05:00 URL:https://getintopc.com/reviews/top-5-ways-to-use-veo-3-ai-video-generator-with-filmora-for-pro-level-editing/ Length:51789
2025-11-27T20:39:54.2965423+05:00 URL:https://getintopc.com/ Length:41824
2025-11-27T20:39:54.3687535+05:00 URL:https://getintopc.com/ Length:41824
2025-11-27T20:39:54.8704503+05:00 URL:https://getintopc.com/softwares/operating-systems/ Length:42403
2025-11-27T20:39:54.8714359+05:00 URL:https://getintopc.com/softwares/operating-systems/ Length:42403
2025-11-27T20:39:55.5170786+05:00 URL:https://getintopc.com/ Length:41824
2025-11-27T20:39:55.5180780+05:00 URL:https://getintopc.com/ Length:41824
2025-11-27T20:39:56.7791695+05:00 URL:https://getintopc.com/softwares/operating-systems/ Length:42403
2025-11-27T20:39:56.7801817+05:00 URL:https://getintopc.com/softwares/operating-systems/ Length:42403
2025-11-27T20:39:57.5196466+05:00 URL:https://getintopc.com/ Length:41824
2025-11-27T20:39:57.6036661+05:00 URL:https://getintopc.com/ Length:41824
2025-11-27T20:39:58.2210290+05:00 URL:https://getintopc.com/reviews/top-5-ways-to-use-veo-3-ai-video-generator-with-filmora-for-pro-level-editing/ Length:51789
